<?xml version="1.0" encoding="UTF-8"?>
<testsuites name="TC_IDX" time="9.006" tests="1" failures="0" errors="0">
   <testsuite name="TC_IDX" tests="1" failures="0" errors="0" time="9.006" skipped="0" timestamp="06-03-2024T14:10:25" hostname="1847 - Sylvia-Astrida" id="Test Suites/TC_IDX">
      <properties>
         <property name="deviceName" value=""/>
         <property name="devicePlatform" value=""/>
         <property name="logFolder" value="C:\\Users\\1847\\git\\idx_reproduce\\Reports\\20240306_140959\\TC_IDX\\20240306_140959"/>
         <property name="logFiles" value="C:\\Users\\1847\\git\\idx_reproduce\\Reports\\20240306_140959\\TC_IDX\\20240306_140959\\execution0.log"/>
         <property name="attachments" value=""/>
         <property name="hostName" value="1847 - Sylvia-Astrida"/>
         <property name="os" value="Windows 11 64bit"/>
         <property name="katalonVersion" value="9.1.0.212"/>
         <property name="browser" value="Chrome 122.0.0.0"/>
         <property name="hostAddress" value="169.254.172.14"/>
         <property name="sessionId" value="4d14da39f71ac1bb35fba3a8eeb8a940"/>
         <property name="seleniumVersion" value="3.141.59"/>
         <property name="proxyInformation" value="ProxyInformation { proxyOption=NO_PROXY, proxyServerType=HTTP, username=, password=********, proxyServerAddress=, proxyServerPort=0, executionList=&quot;&quot;, isApplyToDesiredCapabilities=true }"/>
         <property name="platform" value="Windows 11"/>
      </properties>
      <testcase name="Test Cases/TC" time="8.738" classname="Test Cases/TC" status="PASSED">
         <system-out><![CDATA[06-03-2024T14:10:26 - [TEST_CASE][PASSED] - Test Cases/TC: Test Cases/TC

06-03-2024T14:10:26 - [TEST_STEP][PASSED] - openBrowser("https://www.google.com/"): Browser is opened with url: 'https://www.google.com/'

06-03-2024T14:10:26 - [MESSAGE][INFO] - Starting 'Chrome' driver

06-03-2024T14:10:26 - [MESSAGE][INFO] - Action delay is set to 0 milliseconds

06-03-2024T14:10:34 - [MESSAGE][PASSED] - Browser is opened with url: 'https://www.google.com/'

06-03-2024T14:10:34 - [TEST_STEP][PASSED] - closeBrowser(): Browser is closed

06-03-2024T14:10:34 - [MESSAGE][PASSED] - Browser is closed]]></system-out>
         <system-err><![CDATA[]]></system-err>
      </testcase>
      <system-out><![CDATA[06-03-2024T14:10:25 - [TEST_SUITE][PASSED] - TC_IDX: Test Cases/TC]]></system-out>
      <system-err><![CDATA[]]></system-err>
   </testsuite>
</testsuites>
